<?xml version="1.0" encoding="UTF-8"?>
<testsuite name="com.misrilibrary.tithi.IntegrationTest" tests="9" skipped="0" failures="0" errors="0" timestamp="2026-06-03T16:27:38" hostname="7cf34de83a75" time="0.102">
  <properties/>
  <testcase name="Purnimant and Amant give same tithi number" classname="com.misrilibrary.tithi.IntegrationTest" time="0.044"/>
  <testcase name="K.1 after Purnima = next month (Purnimant, 2026)" classname="com.misrilibrary.tithi.IntegrationTest" time="0.02"/>
  <testcase name="Jul 29, 2026 Ujjain = Purnima (T15)" classname="com.misrilibrary.tithi.IntegrationTest" time="0.003"/>
  <testcase name="Mar 19, 2026 Ujjain = Amavasya (T30)" classname="com.misrilibrary.tithi.IntegrationTest" time="0.002"/>
  <testcase name="Ujjain sunrise in reasonable range" classname="com.misrilibrary.tithi.IntegrationTest" time="0.004"/>
  <testcase name="Tokyo sunrise day-carry" classname="com.misrilibrary.tithi.IntegrationTest" time="0.004"/>
  <testcase name="forDate → getDates round-trip" classname="com.misrilibrary.tithi.IntegrationTest" time="0.009"/>
  <testcase name="May 20, 2026 Ujjain = Adhika Jyeshtha" classname="com.misrilibrary.tithi.IntegrationTest" time="0.002"/>
  <testcase name="Festival dates match Drik Panchang" classname="com.misrilibrary.tithi.IntegrationTest" time="0.008"/>
  <system-out><![CDATA[]]></system-out>
  <system-err><![CDATA[]]></system-err>
</testsuite>
