<?xml version="1.0" encoding="UTF-8"?>
<testsuite name="com.misrilibrary.tithi.TithiCalculatorTest" tests="5" skipped="0" failures="0" errors="0" timestamp="2026-06-03T16:27:38" hostname="7cf34de83a75" time="0.009">
  <properties/>
  <testcase name="sunriseUjjainEquinox()" classname="com.misrilibrary.tithi.TithiCalculatorTest" time="0.001"/>
  <testcase name="tithiAtKnownDate()" classname="com.misrilibrary.tithi.TithiCalculatorTest" time="0.002"/>
  <testcase name="forDateBasic()" classname="com.misrilibrary.tithi.TithiCalculatorTest" time="0.001"/>
  <testcase name="tokyoSunriseDayCarry()" classname="com.misrilibrary.tithi.TithiCalculatorTest" time="0.001"/>
  <testcase name="tithiAtPurnima()" classname="com.misrilibrary.tithi.TithiCalculatorTest" time="0.003"/>
  <system-out><![CDATA[]]></system-out>
  <system-err><![CDATA[]]></system-err>
</testsuite>
